<?xml version="1.0" encoding="UTF-8"?>
<!-- Generated by org.testng.reporters.JUnitReportReporter -->
<testsuite skipped="0" hostname="DESKTOP-U3DFAR1" name="dataProviderTestCase.CorrectPassword" tests="1" failures="0" timestamp="2023-02-11T21:05:41 IST" time="37.041" errors="0">
  <testcase name="correctPassword" time="37.041" classname="dataProviderTestCase.CorrectPassword"/>
  <system-out/>
</testsuite> <!-- dataProviderTestCase.CorrectPassword -->
