<?xml version="1.0" encoding="UTF-8"?>
<!-- Generated by org.testng.reporters.JUnitReportReporter -->
<testsuite skipped="0" hostname="DESKTOP-U3DFAR1" name="dataProviderTestCase.CorrectUsername" tests="1" failures="0" timestamp="2023-02-11T21:05:42 IST" time="69.230" errors="0">
  <testcase name="correctUseName" time="69.230" classname="dataProviderTestCase.CorrectUsername"/>
  <system-out/>
</testsuite> <!-- dataProviderTestCase.CorrectUsername -->
