<?xml version="1.0" encoding="UTF-8"?>
<!-- Generated by org.testng.reporters.JUnitReportReporter -->
<testsuite skipped="0" hostname="DESKTOP-U3DFAR1" name="dataProviderTestCase.BothIncorrect" tests="1" failures="0" timestamp="2023-02-11T21:05:42 IST" time="16.624" errors="0">
  <testcase name="bothWrong" time="16.624" classname="dataProviderTestCase.BothIncorrect"/>
  <system-out/>
</testsuite> <!-- dataProviderTestCase.BothIncorrect -->
